<?xml version="1.0" encoding="UTF-8"?>
<!-- Generated by org.testng.reporters.JUnitXMLReporter -->
<testsuite ignored="0" hostname="DESKTOP-MN43DGH" failures="1" tests="6" name="LoginTest" time="24.998" errors="0" timestamp="2024-06-24T14:59:34 PDT">
  <testcase classname="com.training.testcases.LoginTest" name="@BeforeMethod LaunchApplication" time="0.185">
    <failure type="org.openqa.selenium.NoSuchSessionException" message="invalid session id
Build info: version: &amp;apos;3.141.59&amp;apos;, revision: &amp;apos;e82be7d358&amp;apos;, time: &amp;apos;2018-11-14T08:17:03&amp;apos;
System info: host: &amp;apos;DESKTOP-MN43DGH&amp;apos;, ip: &amp;apos;192.168.0.100&amp;apos;, os.name: &amp;apos;Windows 11&amp;apos;, os.arch: &amp;apos;amd64&amp;apos;, os.version: &amp;apos;10.0&amp;apos;, java.version: &amp;apos;11.0.23&amp;apos;
Driver info: org.openqa.selenium.chrome.ChromeDriver
Capabilities {acceptInsecureCerts: false, browserName: chrome, browserVersion: 126.0.6478.114, chrome: {chromedriverVersion: 126.0.6478.61 (8dc092df54ce..., userDataDir: C:\Users\HELLOJ~1\AppData\L...}, fedcm:accounts: true, goog:chromeOptions: {debuggerAddress: localhost:61257}, javascriptEnabled: true, networkConnectionEnabled: false, pageLoadStrategy: normal, platform: WINDOWS, platformName: WINDOWS, proxy: Proxy(), setWindowRect: true, strictFileInteractability: false, timeouts: {implicit: 0, pageLoad: 300000, script: 30000}, unhandledPromptBehavior: dismiss and notify, webauthn:extension:credBlob: true, webauthn:extension:largeBlob: true, webauthn:extension:minPinLength: true, webauthn:extension:prf: true, webauthn:virtualAuthenticators: true}
Session ID: d934f936adabf407b9580083adacfa87">
      <![CDATA[org.openqa.selenium.NoSuchSessionException: invalid session id
Build info: version: '3.141.59', revision: 'e82be7d358', time: '2018-11-14T08:17:03'
System info: host: 'DESKTOP-MN43DGH', ip: '192.168.0.100', os.name: 'Windows 11', os.arch: 'amd64', os.version: '10.0', java.version: '11.0.23'
Driver info: org.openqa.selenium.chrome.ChromeDriver
Capabilities {acceptInsecureCerts: false, browserName: chrome, browserVersion: 126.0.6478.114, chrome: {chromedriverVersion: 126.0.6478.61 (8dc092df54ce..., userDataDir: C:\Users\HELLOJ~1\AppData\L...}, fedcm:accounts: true, goog:chromeOptions: {debuggerAddress: localhost:61257}, javascriptEnabled: true, networkConnectionEnabled: false, pageLoadStrategy: normal, platform: WINDOWS, platformName: WINDOWS, proxy: Proxy(), setWindowRect: true, strictFileInteractability: false, timeouts: {implicit: 0, pageLoad: 300000, script: 30000}, unhandledPromptBehavior: dismiss and notify, webauthn:extension:credBlob: true, webauthn:extension:largeBlob: true, webauthn:extension:minPinLength: true, webauthn:extension:prf: true, webauthn:virtualAuthenticators: true}
Session ID: d934f936adabf407b9580083adacfa87
at org.openqa.selenium.remote.http.W3CHttpResponseCodec.createException(W3CHttpResponseCodec.java:187)
at org.openqa.selenium.remote.http.W3CHttpResponseCodec.decode(W3CHttpResponseCodec.java:122)
at org.openqa.selenium.remote.http.W3CHttpResponseCodec.decode(W3CHttpResponseCodec.java:49)
at org.openqa.selenium.remote.HttpCommandExecutor.execute(HttpCommandExecutor.java:158)
at org.openqa.selenium.remote.service.DriverCommandExecutor.execute(DriverCommandExecutor.java:83)
at org.openqa.selenium.remote.RemoteWebDriver.execute(RemoteWebDriver.java:552)
at org.openqa.selenium.remote.RemoteWebDriver.get(RemoteWebDriver.java:277)
at com.training.testcases.LoginTest.LaunchApplication(LoginTest.java:34)
at java.base/java.util.ArrayList.forEach(ArrayList.java:1541)
... Removed 35 stack frames]]>
    </failure>
  </testcase> <!-- @BeforeMethod LaunchApplication -->
  <testcase classname="com.training.testcases.LoginTest" name="@AfterMethod teardown" time="0.0">
    <skipped/>
  </testcase> <!-- @AfterMethod teardown -->
  <testcase classname="com.training.testcases.LoginTest" name="@BeforeMethod LaunchApplication" time="0.0">
    <skipped/>
  </testcase> <!-- @BeforeMethod LaunchApplication -->
  <testcase classname="com.training.testcases.LoginTest" name="@AfterMethod teardown" time="0.0">
    <skipped/>
  </testcase> <!-- @AfterMethod teardown -->
  <testcase classname="com.training.testcases.LoginTest" name="@BeforeMethod LaunchApplication" time="0.0">
    <skipped/>
  </testcase> <!-- @BeforeMethod LaunchApplication -->
  <testcase classname="com.training.testcases.LoginTest" name="@AfterMethod teardown" time="0.0">
    <skipped/>
  </testcase> <!-- @AfterMethod teardown -->
  <testcase classname="com.training.testcases.LoginTest" name="@BeforeMethod LaunchApplication" time="0.0">
    <skipped/>
  </testcase> <!-- @BeforeMethod LaunchApplication -->
  <testcase classname="com.training.testcases.LoginTest" name="@AfterMethod teardown" time="0.0">
    <skipped/>
  </testcase> <!-- @AfterMethod teardown -->
  <testcase classname="com.training.testcases.LoginTest" name="LoginintoApplication" time="5.311"/>
  <testcase classname="com.training.testcases.LoginTest" name="LoginwithwrongUsernamePassword4B" time="0.0">
    <skipped/>
  </testcase> <!-- LoginwithwrongUsernamePassword4B -->
  <testcase classname="com.training.testcases.LoginTest" name="LoginwithoutPassword" time="0.001">
    <skipped/>
  </testcase> <!-- LoginwithoutPassword -->
  <testcase classname="com.training.testcases.LoginTest" name="ForgotUsername_4A" time="0.0">
    <skipped/>
  </testcase> <!-- ForgotUsername_4A -->
  <testcase classname="com.training.testcases.LoginTest" name="Login_RememberMe" time="0.0">
    <skipped/>
  </testcase> <!-- Login_RememberMe -->
  <testcase classname="com.training.testcases.AccountPageTest" name="Testcase_10" time="14.959">
    <failure type="java.lang.Error" message="Unresolved compilation problem: 
	The method waitforElement(Duration, WebElement) in the type BasePage is not applicable for the arguments (int, WebElement)
">
      <![CDATA[java.lang.Error: Unresolved compilation problem: 
The method waitforElement(Duration, WebElement) in the type BasePage is not applicable for the arguments (int, WebElement)

at com.training.pages.AccountsPage.AccountTab(AccountsPage.java:41)
at com.training.testcases.AccountPageTest.Testcase_10(AccountPageTest.java:45)
at java.base/java.util.ArrayList.forEach(ArrayList.java:1541)
... Removed 27 stack frames]]>
    </failure>
  </testcase> <!-- Testcase_10 -->
</testsuite> <!-- LoginTest -->
